# JRE version: Java(TM) SE Runtime Environment (8.0_05-b13) (build 1.8.0_05-b13)
# Java VM: Java HotSpot(TM) 64-Bit Server VM (25.5-b02 mixed mode windows-amd64 compressed oops)
Heap:
 PSYoungGen      total 129536K, used 104960K [0x00000000eab00000, 0x00000000f4d80000, 0x0000000100000000)
  eden space 104960K, 100% used [0x00000000eab00000,0x00000000f1180000,0x00000000f1180000)
  from space 24576K, 0% used [0x00000000f2d80000,0x00000000f2d80000,0x00000000f4580000)
  to   space 28672K, 0% used [0x00000000f1180000,0x00000000f1180000,0x00000000f2d80000)
 ParOldGen       total 93184K, used 88809K [0x00000000c0000000, 0x00000000c5b00000, 0x00000000eab00000)
  object space 93184K, 95% used [0x00000000c0000000,0x00000000c56ba698,0x00000000c5b00000)
 Metaspace       used 61444K, capacity 65378K, committed 65408K, reserved 1103872K
  class space    used 8580K, capacity 10109K, committed 10112K, reserved 1048576K
GC Heap History (10 events):
Event: 904.203 GC heap after
Heap after GC invocations=38 (full 7):
 PSYoungGen      total 122368K, used 3841K [0x00000000eab00000, 0x00000000f3880000, 0x0000000100000000)
  eden space 102400K, 0% used [0x00000000eab00000,0x00000000eab00000,0x00000000f0f00000)
  from space 19968K, 19% used [0x00000000f0f00000,0x00000000f12c0408,0x00000000f2280000)
  to   space 19968K, 0% used [0x00000000f2500000,0x00000000f2500000,0x00000000f3880000)
 ParOldGen       total 93184K, used 67411K [0x00000000c0000000, 0x00000000c5b00000, 0x00000000eab00000)
  object space 93184K, 72% used [0x00000000c0000000,0x00000000c41d4f28,0x00000000c5b00000)
 Metaspace       used 46033K, capacity 49129K, committed 49408K, reserved 1091584K
  class space    used 6418K, capacity 7646K, committed 7680K, reserved 1048576K
}
Event: 905.105 GC heap before
{Heap before GC invocations=39 (full 7):
 PSYoungGen      total 122368K, used 106241K [0x00000000eab00000, 0x00000000f3880000, 0x0000000100000000)
  eden space 102400K, 100% used [0x00000000eab00000,0x00000000f0f00000,0x00000000f0f00000)
  from space 19968K, 19% used [0x00000000f0f00000,0x00000000f12c0408,0x00000000f2280000)
  to   space 19968K, 0% used [0x00000000f2500000,0x00000000f2500000,0x00000000f3880000)
 ParOldGen       total 93184K, used 67411K [0x00000000c0000000, 0x00000000c5b00000, 0x00000000eab00000)
  object space 93184K, 72% used [0x00000000c0000000,0x00000000c41d4f28,0x00000000c5b00000)
 Metaspace       used 48707K, capacity 51863K, committed 52224K, reserved 1093632K
  class space    used 6829K, capacity 8082K, committed 8192K, reserved 1048576K
Event: 905.142 GC heap after
Heap after GC invocations=39 (full 7):
 PSYoungGen      total 123904K, used 13190K [0x00000000eab00000, 0x00000000f3c80000, 0x0000000100000000)
  eden space 103936K, 0% used [0x00000000eab00000,0x00000000eab00000,0x00000000f1080000)
  from space 19968K, 66% used [0x00000000f2500000,0x00000000f31e18a8,0x00000000f3880000)
  to   space 20992K, 0% used [0x00000000f1080000,0x00000000f1080000,0x00000000f2500000)
 ParOldGen       total 93184K, used 67419K [0x00000000c0000000, 0x00000000c5b00000, 0x00000000eab00000)
  object space 93184K, 72% used [0x00000000c0000000,0x00000000c41d6f28,0x00000000c5b00000)
 Metaspace       used 48707K, capacity 51863K, committed 52224K, reserved 1093632K
  class space    used 6829K, capacity 8082K, committed 8192K, reserved 1048576K
}
Event: 906.517 GC heap before
{Heap before GC invocations=40 (full 7):
 PSYoungGen      total 123904K, used 117126K [0x00000000eab00000, 0x00000000f3c80000, 0x0000000100000000)
  eden space 103936K, 100% used [0x00000000eab00000,0x00000000f1080000,0x00000000f1080000)
  from space 19968K, 66% used [0x00000000f2500000,0x00000000f31e18a8,0x00000000f3880000)
  to   space 20992K, 0% used [0x00000000f1080000,0x00000000f1080000,0x00000000f2500000)
 ParOldGen       total 93184K, used 67419K [0x00000000c0000000, 0x00000000c5b00000, 0x00000000eab00000)
  object space 93184K, 72% used [0x00000000c0000000,0x00000000c41d6f28,0x00000000c5b00000)
 Metaspace       used 55671K, capacity 59136K, committed 59392K, reserved 1099776K
  class space    used 7815K, capacity 9165K, committed 9216K, reserved 1048576K
Event: 906.538 GC heap after
Heap after GC invocations=40 (full 7):
 PSYoungGen      total 124928K, used 20954K [0x00000000eab00000, 0x00000000f4580000, 0x0000000100000000)
  eden space 103936K, 0% used [0x00000000eab00000,0x00000000eab00000,0x00000000f1080000)
  from space 20992K, 99% used [0x00000000f1080000,0x00000000f24f6988,0x00000000f2500000)
  to   space 24576K, 0% used [0x00000000f2d80000,0x00000000f2d80000,0x00000000f4580000)
 ParOldGen       total 93184K, used 67427K [0x00000000c0000000, 0x00000000c5b00000, 0x00000000eab00000)
  object space 93184K, 72% used [0x00000000c0000000,0x00000000c41d8f28,0x00000000c5b00000)
 Metaspace       used 55671K, capacity 59136K, committed 59392K, reserved 1099776K
  class space    used 7815K, capacity 9165K, committed 9216K, reserved 1048576K
}
Event: 912.878 GC heap before
{Heap before GC invocations=41 (full 7):
 PSYoungGen      total 124928K, used 86772K [0x00000000eab00000, 0x00000000f4580000, 0x0000000100000000)
  eden space 103936K, 63% used [0x00000000eab00000,0x00000000eeb46868,0x00000000f1080000)
  from space 20992K, 99% used [0x00000000f1080000,0x00000000f24f6988,0x00000000f2500000)
  to   space 24576K, 0% used [0x00000000f2d80000,0x00000000f2d80000,0x00000000f4580000)
 ParOldGen       total 93184K, used 67427K [0x00000000c0000000, 0x00000000c5b00000, 0x00000000eab00000)
  object space 93184K, 72% used [0x00000000c0000000,0x00000000c41d8f28,0x00000000c5b00000)
 Metaspace       used 58260K, capacity 61762K, committed 62080K, reserved 1101824K
  class space    used 8184K, capacity 9545K, committed 9600K, reserved 1048576K
Event: 912.937 GC heap after
Heap after GC invocations=41 (full 7):
 PSYoungGen      total 129536K, used 23535K [0x00000000eab00000, 0x00000000f4d80000, 0x0000000100000000)
  eden space 104960K, 0% used [0x00000000eab00000,0x00000000eab00000,0x00000000f1180000)
  from space 24576K, 95% used [0x00000000f2d80000,0x00000000f447bde0,0x00000000f4580000)
  to   space 28672K, 0% used [0x00000000f1180000,0x00000000f1180000,0x00000000f2d80000)
 ParOldGen       total 93184K, used 67435K [0x00000000c0000000, 0x00000000c5b00000, 0x00000000eab00000)
  object space 93184K, 72% used [0x00000000c0000000,0x00000000c41daf28,0x00000000c5b00000)
 Metaspace       used 58260K, capacity 61762K, committed 62080K, reserved 1101824K
  class space    used 8184K, capacity 9545K, committed 9600K, reserved 1048576K
}
Event: 912.937 GC heap before
{Heap before GC invocations=42 (full 8):
 PSYoungGen      total 129536K, used 23535K [0x00000000eab00000, 0x00000000f4d80000, 0x0000000100000000)
  eden space 104960K, 0% used [0x00000000eab00000,0x00000000eab00000,0x00000000f1180000)
  from space 24576K, 95% used [0x00000000f2d80000,0x00000000f447bde0,0x00000000f4580000)
  to   space 28672K, 0% used [0x00000000f1180000,0x00000000f1180000,0x00000000f2d80000)
 ParOldGen       total 93184K, used 67435K [0x00000000c0000000, 0x00000000c5b00000, 0x00000000eab00000)
  object space 93184K, 72% used [0x00000000c0000000,0x00000000c41daf28,0x00000000c5b00000)
 Metaspace       used 58260K, capacity 61762K, committed 62080K, reserved 1101824K
  class space    used 8184K, capacity 9545K, committed 9600K, reserved 1048576K
Event: 914.245 GC heap after
Heap after GC invocations=42 (full 8):
 PSYoungGen      total 129536K, used 0K [0x00000000eab00000, 0x00000000f4d80000, 0x0000000100000000)
  eden space 104960K, 0% used [0x00000000eab00000,0x00000000eab00000,0x00000000f1180000)
  from space 24576K, 0% used [0x00000000f2d80000,0x00000000f2d80000,0x00000000f4580000)
  to   space 28672K, 0% used [0x00000000f1180000,0x00000000f1180000,0x00000000f2d80000)
 ParOldGen       total 93184K, used 88809K [0x00000000c0000000, 0x00000000c5b00000, 0x00000000eab00000)
  object space 93184K, 95% used [0x00000000c0000000,0x00000000c56ba698,0x00000000c5b00000)
 Metaspace       used 58260K, capacity 61762K, committed 62080K, reserved 1101824K
  class space    used 8184K, capacity 9545K, committed 9600K, reserved 1048576K
}
Event: 1068.499 GC heap before
{Heap before GC invocations=43 (full 9):
 PSYoungGen      total 129536K, used 104960K [0x00000000eab00000, 0x00000000f4d80000, 0x0000000100000000)
  eden space 104960K, 100% used [0x00000000eab00000,0x00000000f1180000,0x00000000f1180000)
  from space 24576K, 0% used [0x00000000f2d80000,0x00000000f2d80000,0x00000000f4580000)
  to   space 28672K, 0% used [0x00000000f1180000,0x00000000f1180000,0x00000000f2d80000)
 ParOldGen       total 93184K, used 88809K [0x00000000c0000000, 0x00000000c5b00000, 0x00000000eab00000)
  object space 93184K, 95% used [0x00000000c0000000,0x00000000c56ba698,0x00000000c5b00000)
 Metaspace       used 61444K, capacity 65378K, committed 65408K, reserved 1103872K
  class space    used 8580K, capacity 10109K, committed 10112K, reserved 1048576K

